<?xml version="1.0" encoding="UTF-8"?>
<!-- Generated by org.testng.reporters.JUnitReportReporter -->
<testsuite hostname="XIEYID6" name="com.dreamworks.selenium.TestNG.SampleTestCase" tests="2" failures="0" timestamp="15 Feb 2016 13:51:01 GMT" time="21.528" errors="0">
  <testcase name="EnterHPE" time="16.137" classname="com.dreamworks.selenium.TestNG.SampleTestCase"/>
  <testcase name="OpenBrowser" time="5.391" classname="com.dreamworks.selenium.TestNG.SampleTestCase"/>
</testsuite> <!-- com.dreamworks.selenium.TestNG.SampleTestCase -->
